<?xml version="1.0" encoding="UTF-8"?>
<testsuite xmlns:xsi="http://www.w3.org/2001/XMLSchema-instance" xsi:noNamespaceSchemaLocation="https://maven.apache.org/surefire/maven-surefire-plugin/xsd/surefire-test-report-3.0.xsd" version="3.0" name="com.pahanaedu.util.DBConnectionTest" time="0.023" tests="8" errors="0" skipped="0" failures="0">
  <properties>
[...]
</properties>
  <testcase name="testDatabaseConnectionProperties" classname="com.pahanaedu.util.DBConnectionTest" time="0.001"/>
  <testcase name="testGetConnectionMethodSignature" classname="com.pahanaedu.util.DBConnectionTest" time="0"/>
  <testcase name="testDatabaseURLFormat" classname="com.pahanaedu.util.DBConnectionTest" time="0.007"/>
  <testcase name="testDatabaseCredentials" classname="com.pahanaedu.util.DBConnectionTest" time="0.002"/>
  <testcase name="testClassInstantiation" classname="com.pahanaedu.util.DBConnectionTest" time="0.002"/>
  <testcase name="testClassStructure" classname="com.pahanaedu.util.DBConnectionTest" time="0.001"/>
  <testcase name="testConstantsAreFinal" classname="com.pahanaedu.util.DBConnectionTest" time="0.005"/>
  <testcase name="testConstantsAreStatic" classname="com.pahanaedu.util.DBConnectionTest" time="0"/>
</testsuite>